<?xml version="1.0" encoding="UTF-8"?>
<!-- Generated by org.testng.reporters.JUnitXMLReporter -->
<testsuite hostname="DESKTOP-INED44D" name="Tests" tests="1" failures="1" timestamp="29 May 2019 14:32:39 GMT" time="39.738" errors="0">
  <testcase name="TC_ValidateMegaCollectionAllPantiesInWomenCategory" time="39.705" classname="TestScenario.ValidateCollectionPage">
    <failure type="java.lang.Exception" message="Total displayed count is not same as all products on page">
      <![CDATA[java.lang.Exception: Total displayed count is not same as all products on page
	at com.tommyjohn.automation.Components.CollectionPageComponent.methodToCheckAllFilters(CollectionPageComponent.java:332)
	at com.tommyjohn.automation.Components.CollectionPageComponent.validateMegaCollectionAllPantiesInWomensCategory(CollectionPageComponent.java:248)
	at com.tommyjohn.automation.Pages.CollectionPage.validateWomensAllPantiesOnCollectionPage(CollectionPage.java:43)
	at TestScenario.ValidateCollectionPage.TC_ValidateMegaCollectionAllPantiesInWomenCategory(ValidateCollectionPage.java:52)
... Removed 24 stack frames]]>
    </failure>
  </testcase> <!-- TC_ValidateMegaCollectionAllPantiesInWomenCategory -->
</testsuite> <!-- Tests -->
