<?xml version="1.0" encoding="UTF-8"?>
<testng-results skipped="0" failed="1" total="1" passed="0">
  <reporter-output>
    <line>
      <![CDATA[All corosals are Displayed :: And by default not active]]>
    </line>
    <line>
      <![CDATA[Corosals gets active when respected option selected]]>
    </line>
  </reporter-output>
  <suite name="Regression Test Suite" duration-ms="39738" started-at="2019-05-29T14:31:59Z" finished-at="2019-05-29T14:32:39Z">
    <groups>
    </groups>
    <test name="Tests" duration-ms="39738" started-at="2019-05-29T14:31:59Z" finished-at="2019-05-29T14:32:39Z">
      <class name="com.tommyjohn.automation.utils.CustomUtilities">
        <test-method status="PASS" signature="launchtj()[pri:0, instance:com.tommyjohn.automation.utils.CustomUtilities@29ee9faa]" name="launchtj" is-config="true" duration-ms="28322" started-at="2019-05-29T20:01:31Z" finished-at="2019-05-29T20:01:59Z">
          <reporter-output>
          </reporter-output>
        </test-method> <!-- launchtj -->
        <test-method status="PASS" signature="teardown()[pri:0, instance:com.tommyjohn.automation.utils.CustomUtilities@29ee9faa]" name="teardown" is-config="true" duration-ms="1166" started-at="2019-05-29T20:02:39Z" finished-at="2019-05-29T20:02:40Z">
          <reporter-output>
          </reporter-output>
        </test-method> <!-- teardown -->
      </class> <!-- com.tommyjohn.automation.utils.CustomUtilities -->
      <class name="TestScenario.ValidateCollectionPage">
        <test-method status="FAIL" signature="TC_ValidateMegaCollectionAllPantiesInWomenCategory()[pri:0, instance:TestScenario.ValidateCollectionPage@18be83e4]" name="TC_ValidateMegaCollectionAllPantiesInWomenCategory" duration-ms="39705" started-at="2019-05-29T20:01:59Z" finished-at="2019-05-29T20:02:39Z">
          <exception class="java.lang.Exception">
            <message>
              <![CDATA[Total displayed count is not same as all products on page]]>
            </message>
            <full-stacktrace>
              <![CDATA[java.lang.Exception: Total displayed count is not same as all products on page
	at com.tommyjohn.automation.Components.CollectionPageComponent.methodToCheckAllFilters(CollectionPageComponent.java:332)
	at com.tommyjohn.automation.Components.CollectionPageComponent.validateMegaCollectionAllPantiesInWomensCategory(CollectionPageComponent.java:248)
	at com.tommyjohn.automation.Pages.CollectionPage.validateWomensAllPantiesOnCollectionPage(CollectionPage.java:43)
	at TestScenario.ValidateCollectionPage.TC_ValidateMegaCollectionAllPantiesInWomenCategory(ValidateCollectionPage.java:52)
	at sun.reflect.NativeMethodAccessorImpl.invoke0(Native Method)
	at sun.reflect.NativeMethodAccessorImpl.invoke(Unknown Source)
	at sun.reflect.DelegatingMethodAccessorImpl.invoke(Unknown Source)
	at java.lang.reflect.Method.invoke(Unknown Source)
	at org.testng.internal.MethodInvocationHelper.invokeMethod(MethodInvocationHelper.java:80)
	at org.testng.internal.Invoker.invokeMethod(Invoker.java:714)
	at org.testng.internal.Invoker.invokeTestMethod(Invoker.java:901)
	at org.testng.internal.Invoker.invokeTestMethods(Invoker.java:1231)
	at org.testng.internal.TestMethodWorker.invokeTestMethods(TestMethodWorker.java:127)
	at org.testng.internal.TestMethodWorker.run(TestMethodWorker.java:111)
	at org.testng.TestRunner.privateRun(TestRunner.java:767)
	at org.testng.TestRunner.run(TestRunner.java:617)
	at org.testng.SuiteRunner.runTest(SuiteRunner.java:334)
	at org.testng.SuiteRunner.runSequentially(SuiteRunner.java:329)
	at org.testng.SuiteRunner.privateRun(SuiteRunner.java:291)
	at org.testng.SuiteRunner.run(SuiteRunner.java:240)
	at org.testng.SuiteRunnerWorker.runSuite(SuiteRunnerWorker.java:52)
	at org.testng.SuiteRunnerWorker.run(SuiteRunnerWorker.java:86)
	at org.testng.TestNG.runSuitesSequentially(TestNG.java:1198)
	at org.testng.TestNG.runSuitesLocally(TestNG.java:1123)
	at org.testng.TestNG.run(TestNG.java:1031)
	at org.testng.remote.AbstractRemoteTestNG.run(AbstractRemoteTestNG.java:115)
	at org.testng.remote.RemoteTestNG.initAndRun(RemoteTestNG.java:251)
	at org.testng.remote.RemoteTestNG.main(RemoteTestNG.java:77)
]]>
            </full-stacktrace>
          </exception> <!-- java.lang.Exception -->
          <reporter-output>
            <line>
              <![CDATA[All corosals are Displayed :: And by default not active]]>
            </line>
            <line>
              <![CDATA[Corosals gets active when respected option selected]]>
            </line>
          </reporter-output>
        </test-method> <!-- TC_ValidateMegaCollectionAllPantiesInWomenCategory -->
      </class> <!-- TestScenario.ValidateCollectionPage -->
    </test> <!-- Tests -->
  </suite> <!-- Regression Test Suite -->
</testng-results>
